2022-06-18 13:05:22,111:DEBUG:bot: ========================RESTART===========================
2022-06-18 13:05:22,132:CRITICAL:bot: Error loading cotw: (No module named 'discord')
2022-06-18 13:05:22,143:CRITICAL:bot: Error loading commands: (No module named 'discord')
2022-06-18 13:06:37,132:DEBUG:bot: ========================RESTART===========================
2022-06-18 13:06:37,135:CRITICAL:bot: Error loading cotw: (No module named 'discord')
2022-06-18 13:06:37,136:CRITICAL:bot: Error loading commands: (No module named 'discord')
2022-06-18 13:08:46,026:DEBUG:bot: ========================RESTART===========================
2022-06-18 13:08:46,037:CRITICAL:bot: Error loading commands: (name 'discord' is not defined)
2022-06-18 13:10:39,250:DEBUG:bot: ========================RESTART===========================
2022-06-18 13:10:39,258:CRITICAL:bot: Error loading commands: (name 'discord' is not defined)
2022-06-18 13:11:52,883:DEBUG:bot: ========================RESTART===========================
2022-06-18 13:11:52,892:CRITICAL:bot: Error loading commands: (name 'discord' is not defined)
2022-06-18 13:11:54,113:DEBUG:bot: waiting for 42485 seconds
2022-06-18 13:13:03,091:DEBUG:bot: ========================RESTART===========================
2022-06-18 13:13:03,096:CRITICAL:bot: Error loading commands: (name 'discord' is not defined)
2022-06-18 13:13:04,100:DEBUG:bot: waiting for 42415 seconds
2022-06-18 13:15:00,261:DEBUG:bot: ========================RESTART===========================
2022-06-18 13:15:00,273:CRITICAL:bot: Error loading commands: (name 'discord' is not defined)
2022-06-18 13:15:01,316:DEBUG:bot: waiting for 42298 seconds
2022-06-18 13:20:15,797:DEBUG:bot: ========================RESTART===========================
2022-06-18 13:20:15,806:CRITICAL:bot: Error loading commands: (name 'discord' is not defined)
2022-06-18 13:20:16,890:DEBUG:bot: waiting for 41983 seconds
2022-06-18 13:22:12,049:DEBUG:bot: ========================RESTART===========================
2022-06-18 13:22:12,054:CRITICAL:bot: Error loading commands: (name 'discord' is not defined)
2022-06-18 13:22:13,466:DEBUG:bot: waiting for 41866 seconds
2022-06-18 13:22:35,577:DEBUG:bot: ========================RESTART===========================
2022-06-18 13:22:35,584:CRITICAL:bot: Error loading commands: (name 'discord' is not defined)
2022-06-18 13:22:37,016:DEBUG:bot: waiting for 41842 seconds
2022-06-18 13:22:50,409:DEBUG:bot: ========================RESTART===========================
2022-06-18 13:22:50,417:CRITICAL:bot: Error loading commands: (name 'discord' is not defined)
2022-06-18 13:22:51,929:DEBUG:bot: waiting for 41828 seconds
2022-06-18 13:24:11,053:DEBUG:bot: ========================RESTART===========================
2022-06-18 13:24:11,059:CRITICAL:bot: Error loading commands: (name 'discord' is not defined)
2022-06-18 13:24:12,089:DEBUG:bot: waiting for 41747 seconds
2022-06-18 13:24:35,574:DEBUG:bot: ========================RESTART===========================
2022-06-18 13:24:35,579:CRITICAL:bot: Error loading commands: (name 'discord' is not defined)
2022-06-18 13:24:36,500:DEBUG:bot: waiting for 41723 seconds
2022-06-18 13:25:01,411:DEBUG:bot: ========================RESTART===========================
2022-06-18 13:25:01,420:CRITICAL:bot: Error loading commands: (name 'discord' is not defined)
2022-06-18 13:25:02,602:DEBUG:bot: waiting for 41697 seconds
2022-06-18 13:25:27,295:DEBUG:bot: ========================RESTART===========================
2022-06-18 13:25:27,300:CRITICAL:bot: Error loading commands: (name 'discord' is not defined)
2022-06-18 13:25:28,711:DEBUG:bot: waiting for 41671 seconds
2022-06-18 13:26:15,414:DEBUG:bot: ========================RESTART===========================
2022-06-18 13:26:15,419:CRITICAL:bot: Error loading commands: (name 'discord' is not defined)
2022-06-18 13:26:16,522:DEBUG:bot: waiting for 41623 seconds
2022-06-18 13:26:37,533:DEBUG:bot: ========================RESTART===========================
2022-06-18 13:26:37,539:CRITICAL:bot: Error loading commands: (name 'discord' is not defined)
2022-06-18 13:26:38,763:DEBUG:bot: waiting for 41601 seconds
2022-06-18 13:27:12,383:DEBUG:bot: ========================RESTART===========================
2022-06-18 13:27:12,395:CRITICAL:bot: Error loading commands: (name 'discord' is not defined)
2022-06-18 13:27:13,579:DEBUG:bot: waiting for 41566 seconds
2022-06-18 13:27:58,824:DEBUG:bot: 1
2022-06-18 13:28:01,515:DEBUG:bot: 987695005332287578
2022-06-18 13:33:44,819:DEBUG:bot: ========================RESTART===========================
2022-06-18 13:33:44,828:CRITICAL:bot: Error loading commands: (name 'discord' is not defined)
2022-06-18 13:33:46,364:DEBUG:bot: waiting for 41173 seconds
2022-06-18 13:35:17,388:DEBUG:bot: None
2022-06-18 13:36:45,771:DEBUG:bot: ========================RESTART===========================
2022-06-18 13:36:45,781:CRITICAL:bot: Error loading commands: (name 'discord' is not defined)
2022-06-18 13:36:47,050:DEBUG:bot: waiting for 40992 seconds
2022-06-18 13:37:29,585:DEBUG:bot: ========================RESTART===========================
2022-06-18 13:37:29,594:CRITICAL:bot: Error loading commands: (name 'discord' is not defined)
2022-06-18 13:37:30,795:DEBUG:bot: waiting for 40949 seconds
2022-06-18 13:37:40,253:DEBUG:bot: None
2022-06-18 13:37:58,299:DEBUG:bot: ========================RESTART===========================
2022-06-18 13:37:58,308:CRITICAL:bot: Error loading commands: (name 'discord' is not defined)
2022-06-18 13:37:59,431:DEBUG:bot: waiting for 40920 seconds
2022-06-18 13:38:06,018:DEBUG:bot: None
2022-06-18 13:46:00,020:DEBUG:bot: [(475158229517729793, 985317391804276746)]
2022-06-18 14:07:10,228:DEBUG:bot: ========================RESTART===========================
2022-06-18 14:07:10,236:CRITICAL:bot: Error loading commands: (name 'discord' is not defined)
2022-06-18 14:07:11,420:DEBUG:bot: waiting for 39168 seconds
2022-06-18 14:08:26,575:DEBUG:bot: ========================RESTART===========================
2022-06-18 14:08:26,583:CRITICAL:bot: Error loading commands: (name 'discord' is not defined)
2022-06-18 14:08:27,847:DEBUG:bot: waiting for 39092 seconds
2022-06-18 14:09:09,339:DEBUG:bot: ========================RESTART===========================
2022-06-18 14:09:09,350:CRITICAL:bot: Error loading commands: (name 'discord' is not defined)
2022-06-18 14:09:10,408:DEBUG:bot: waiting for 39049 seconds
2022-06-18 14:10:31,049:DEBUG:bot: ========================RESTART===========================
2022-06-18 14:10:31,057:CRITICAL:bot: Error loading commands: (name 'discord' is not defined)
2022-06-18 14:10:32,120:DEBUG:bot: waiting for 38967 seconds
2022-06-18 14:11:02,223:DEBUG:bot: None
2022-06-18 14:20:48,777:DEBUG:bot: ========================RESTART===========================
2022-06-18 14:20:48,786:CRITICAL:bot: Error loading cotw: (__init__() got multiple values for argument 'message')
2022-06-18 14:20:48,787:CRITICAL:bot: Error loading commands: (name 'discord' is not defined)
2022-06-18 14:20:50,318:DEBUG:bot: waiting for 38349 seconds
2022-06-18 14:22:13,304:DEBUG:bot: ========================RESTART===========================
2022-06-18 14:22:13,310:CRITICAL:bot: Error loading cotw: (__init__() got multiple values for argument 'message')
2022-06-18 14:22:13,310:CRITICAL:bot: Error loading commands: (name 'discord' is not defined)
2022-06-18 14:22:14,351:DEBUG:bot: waiting for 38265 seconds
2022-06-18 14:25:47,032:DEBUG:bot: ========================RESTART===========================
2022-06-18 14:25:47,039:CRITICAL:bot: Error loading commands: (name 'discord' is not defined)
2022-06-18 14:25:48,377:DEBUG:bot: waiting for 38051 seconds
2022-06-18 14:31:11,711:DEBUG:bot: ========================RESTART===========================
2022-06-18 14:31:11,715:CRITICAL:bot: Error loading commands: (name 'discord' is not defined)
2022-06-18 14:31:13,047:DEBUG:bot: waiting for 37726 seconds
2022-06-18 14:31:34,909:DEBUG:bot: ========================RESTART===========================
2022-06-18 14:31:34,914:CRITICAL:bot: Error loading commands: (name 'discord' is not defined)
2022-06-18 14:31:35,985:DEBUG:bot: waiting for 37704 seconds
2022-06-18 14:31:57,291:DEBUG:bot: ========================RESTART===========================
2022-06-18 14:31:57,301:CRITICAL:bot: Error loading cotw: (__init__() got multiple values for argument 'message')
2022-06-18 14:31:57,302:CRITICAL:bot: Error loading commands: (name 'discord' is not defined)
2022-06-18 14:31:58,687:DEBUG:bot: waiting for 37681 seconds
2022-06-18 16:07:00,476:DEBUG:bot: ========================RESTART===========================
2022-06-18 16:07:00,490:CRITICAL:bot: Error loading commands: (name 'discord' is not defined)
2022-06-18 16:07:02,103:DEBUG:bot: waiting for 31977 seconds
2022-06-18 16:08:00,979:DEBUG:bot: ========================RESTART===========================
2022-06-18 16:08:00,985:CRITICAL:bot: Error loading commands: (name 'discord' is not defined)
2022-06-18 16:08:02,019:DEBUG:bot: waiting for 31917 seconds
2022-06-18 16:08:20,789:DEBUG:bot: ========================RESTART===========================
2022-06-18 16:08:20,794:CRITICAL:bot: Error loading commands: (name 'discord' is not defined)
2022-06-18 16:08:22,416:DEBUG:bot: waiting for 31897 seconds
2022-06-18 16:08:41,149:DEBUG:bot: ========================RESTART===========================
2022-06-18 16:08:41,154:CRITICAL:bot: Error loading commands: (name 'discord' is not defined)
2022-06-18 16:08:42,208:DEBUG:bot: waiting for 31877 seconds
2022-06-18 16:10:04,491:DEBUG:bot: ========================RESTART===========================
2022-06-18 16:10:04,500:CRITICAL:bot: Error loading commands: (name 'discord' is not defined)
2022-06-18 16:10:05,596:DEBUG:bot: waiting for 31794 seconds
2022-06-18 16:14:39,550:DEBUG:bot: ========================RESTART===========================
2022-06-18 16:14:39,555:CRITICAL:bot: Error loading commands: (name 'discord' is not defined)
2022-06-18 16:14:40,669:DEBUG:bot: waiting for 31519 seconds
2022-06-18 16:24:29,683:DEBUG:bot: ========================RESTART===========================
2022-06-18 16:24:29,687:CRITICAL:bot: Error loading commands: (name 'discord' is not defined)
2022-06-18 16:24:30,701:DEBUG:bot: waiting for 30929 seconds
2022-06-18 16:27:11,193:DEBUG:bot: ========================RESTART===========================
2022-06-18 16:27:11,198:CRITICAL:bot: Error loading commands: (name 'discord' is not defined)
2022-06-18 16:27:12,290:DEBUG:bot: waiting for 30767 seconds
2022-06-18 16:31:23,078:DEBUG:bot: ========================RESTART===========================
2022-06-18 16:31:23,083:CRITICAL:bot: Error loading commands: (name 'discord' is not defined)
2022-06-18 16:31:24,866:DEBUG:bot: waiting for 30515 seconds
2022-06-18 16:33:50,715:DEBUG:bot: ========================RESTART===========================
2022-06-18 16:33:50,720:CRITICAL:bot: Error loading commands: (name 'discord' is not defined)
2022-06-18 16:33:51,646:DEBUG:bot: waiting for 30368 seconds
2022-06-18 16:43:56,898:DEBUG:bot: ========================RESTART===========================
2022-06-18 16:43:56,904:CRITICAL:bot: Error loading commands: (name 'discord' is not defined)
2022-06-18 16:43:58,044:DEBUG:bot: waiting for 29761 seconds
2022-06-18 16:47:55,422:DEBUG:bot: 0
2022-06-18 16:47:55,422:DEBUG:bot: 987745483848032327
2022-06-18 17:17:11,872:DEBUG:bot: 0
2022-06-18 17:17:11,872:DEBUG:bot: 987752851637956619
2022-06-18 17:17:33,481:DEBUG:bot: ========================RESTART===========================
2022-06-18 17:17:33,486:CRITICAL:bot: Error loading commands: (name 'discord' is not defined)
2022-06-18 17:17:33,487:CRITICAL:bot: Error loading applications: (expected an indented block (applications.py, line 44))
2022-06-18 17:17:34,543:DEBUG:bot: waiting for 27745 seconds
2022-06-18 17:23:13,773:DEBUG:bot: ========================RESTART===========================
2022-06-18 17:23:13,778:CRITICAL:bot: Error loading commands: (name 'discord' is not defined)
2022-06-18 17:23:15,205:DEBUG:bot: waiting for 27404 seconds
2022-06-18 17:24:09,213:DEBUG:bot: ========================RESTART===========================
2022-06-18 17:24:09,218:CRITICAL:bot: Error loading commands: (name 'discord' is not defined)
2022-06-18 17:24:10,315:DEBUG:bot: waiting for 27349 seconds
2022-06-18 17:25:03,358:DEBUG:bot: ========================RESTART===========================
2022-06-18 17:25:03,363:CRITICAL:bot: Error loading commands: (name 'discord' is not defined)
2022-06-18 17:25:04,406:DEBUG:bot: waiting for 27295 seconds
2022-06-18 17:27:01,534:DEBUG:bot: ========================RESTART===========================
2022-06-18 17:27:01,539:CRITICAL:bot: Error loading commands: (name 'discord' is not defined)
2022-06-18 17:27:01,542:CRITICAL:bot: Error loading applications: (closing parenthesis ']' does not match opening parenthesis '(' (applications.py, line 85))
2022-06-18 17:27:02,809:DEBUG:bot: waiting for 27177 seconds
2022-06-18 17:28:50,472:DEBUG:bot: ========================RESTART===========================
2022-06-18 17:28:50,477:CRITICAL:bot: Error loading commands: (name 'discord' is not defined)
2022-06-18 17:28:50,478:CRITICAL:bot: Error loading applications: (invalid syntax (applications.py, line 85))
2022-06-18 17:28:51,567:DEBUG:bot: waiting for 27068 seconds
2022-06-18 17:29:12,948:DEBUG:bot: ========================RESTART===========================
2022-06-18 17:29:12,953:CRITICAL:bot: Error loading commands: (name 'discord' is not defined)
2022-06-18 17:29:14,205:DEBUG:bot: waiting for 27045 seconds
2022-06-18 17:33:05,601:DEBUG:bot: ========================RESTART===========================
2022-06-18 17:33:05,605:CRITICAL:bot: Error loading commands: (name 'discord' is not defined)
2022-06-18 17:33:06,804:DEBUG:bot: waiting for 26813 seconds
2022-06-18 17:33:33,673:DEBUG:bot: ========================RESTART===========================
2022-06-18 17:33:33,677:CRITICAL:bot: Error loading commands: (name 'discord' is not defined)
2022-06-18 17:33:34,759:DEBUG:bot: waiting for 26785 seconds
2022-06-18 17:34:08,825:DEBUG:bot: ========================RESTART===========================
2022-06-18 17:34:08,830:CRITICAL:bot: Error loading commands: (name 'discord' is not defined)
2022-06-18 17:34:09,980:DEBUG:bot: waiting for 26750 seconds
2022-06-18 19:08:15,206:DEBUG:bot: ========================RESTART===========================
2022-06-18 19:08:15,211:CRITICAL:bot: Error loading commands: (name 'discord' is not defined)
2022-06-18 19:08:16,541:DEBUG:bot: waiting for 21103 seconds
2022-06-18 19:08:38,675:DEBUG:bot: ========================RESTART===========================
2022-06-18 19:08:38,680:CRITICAL:bot: Error loading commands: (name 'discord' is not defined)
2022-06-18 19:08:39,720:DEBUG:bot: waiting for 21080 seconds
2022-06-18 19:10:09,869:DEBUG:bot: ========================RESTART===========================
2022-06-18 19:10:09,874:CRITICAL:bot: Error loading commands: (name 'discord' is not defined)
2022-06-18 19:10:10,893:DEBUG:bot: waiting for 20989 seconds
2022-06-18 19:11:44,977:DEBUG:bot: ========================RESTART===========================
2022-06-18 19:11:44,981:CRITICAL:bot: Error loading commands: (name 'discord' is not defined)
2022-06-18 19:11:46,158:DEBUG:bot: waiting for 20893 seconds
2022-06-18 19:13:26,958:DEBUG:bot: ========================RESTART===========================
2022-06-18 19:13:26,963:CRITICAL:bot: Error loading commands: (name 'discord' is not defined)
2022-06-18 19:13:28,051:DEBUG:bot: waiting for 20791 seconds
2022-06-18 19:13:59,059:DEBUG:bot: ========================RESTART===========================
2022-06-18 19:13:59,066:CRITICAL:bot: Error loading commands: (name 'discord' is not defined)
2022-06-18 19:14:00,370:DEBUG:bot: waiting for 20759 seconds
2022-06-18 19:17:15,171:DEBUG:bot: ========================RESTART===========================
2022-06-18 19:17:15,177:CRITICAL:bot: Error loading commands: (name 'discord' is not defined)
2022-06-18 19:17:16,369:DEBUG:bot: waiting for 20563 seconds
2022-06-18 19:17:28,499:DEBUG:bot: 0
2022-06-18 19:17:28,499:DEBUG:bot: 987783120432545873
2022-06-18 19:18:45,233:DEBUG:bot: 1
2022-06-18 19:18:45,233:DEBUG:bot: 987783442324398091
2022-06-18 19:18:57,592:DEBUG:bot: ========================RESTART===========================
2022-06-18 19:18:57,597:CRITICAL:bot: Error loading commands: (name 'discord' is not defined)
2022-06-18 19:18:58,644:DEBUG:bot: waiting for 20461 seconds
2022-06-18 19:20:30,862:DEBUG:bot: ========================RESTART===========================
2022-06-18 19:20:30,866:CRITICAL:bot: Error loading commands: (name 'discord' is not defined)
2022-06-18 19:20:31,923:DEBUG:bot: waiting for 20368 seconds
2022-06-18 19:26:06,259:DEBUG:bot: ========================RESTART===========================
2022-06-18 19:26:06,265:CRITICAL:bot: Error loading commands: (name 'discord' is not defined)
2022-06-18 19:26:07,414:DEBUG:bot: waiting for 20032 seconds
2022-06-18 19:39:14,560:DEBUG:bot: ========================RESTART===========================
2022-06-18 19:39:14,566:CRITICAL:bot: Error loading commands: (name 'discord' is not defined)
2022-06-18 19:39:15,699:DEBUG:bot: waiting for 19244 seconds
2022-06-18 20:17:20,253:DEBUG:bot: ========================RESTART===========================
2022-06-18 20:17:20,264:CRITICAL:bot: Error loading commands: (name 'discord' is not defined)
2022-06-18 20:17:21,687:DEBUG:bot: waiting for 16958 seconds
2022-06-18 20:20:54,274:DEBUG:bot: ========================RESTART===========================
2022-06-18 20:20:54,282:CRITICAL:bot: Error loading commands: (name 'discord' is not defined)
2022-06-18 20:20:55,527:DEBUG:bot: waiting for 16744 seconds
2022-06-18 20:22:28,465:DEBUG:bot: ========================RESTART===========================
2022-06-18 20:22:30,012:DEBUG:bot: waiting for 16649 seconds
2022-06-18 20:26:18,938:DEBUG:bot: ========================RESTART===========================
2022-06-18 20:26:19,998:DEBUG:bot: waiting for 16420 seconds
2022-06-18 20:29:50,023:DEBUG:bot: None
2022-06-18 20:31:56,946:DEBUG:bot: ========================RESTART===========================
2022-06-18 20:31:58,431:DEBUG:bot: waiting for 16081 seconds
2022-06-18 20:32:19,130:DEBUG:bot: None
2022-06-18 20:33:04,164:DEBUG:bot: ========================RESTART===========================
2022-06-18 20:33:05,305:DEBUG:bot: waiting for 16014 seconds
2022-06-18 20:33:12,466:DEBUG:bot: None
2022-06-18 20:33:20,760:DEBUG:bot: None
2022-06-18 20:33:37,440:DEBUG:bot: (527227656811577344, 987783120432545873)
2022-06-18 20:33:51,996:DEBUG:bot: None
2022-06-18 20:34:01,771:DEBUG:bot: None
2022-06-18 20:34:30,091:DEBUG:bot: None
2022-06-18 20:35:10,742:DEBUG:bot: None
2022-06-18 20:35:22,112:DEBUG:bot: None
2022-06-18 20:35:37,790:DEBUG:bot: ========================RESTART===========================
2022-06-18 20:35:39,109:DEBUG:bot: waiting for 15860 seconds
2022-06-18 20:35:59,439:DEBUG:bot: None
2022-06-18 20:36:15,266:DEBUG:bot: None
2022-06-18 20:36:35,620:DEBUG:bot: None
2022-06-18 20:36:55,412:DEBUG:bot: None
2022-06-18 20:37:12,714:DEBUG:bot: None
2022-06-18 20:37:24,729:DEBUG:bot: None
2022-06-18 20:38:04,684:DEBUG:bot: None
2022-06-18 20:39:32,107:DEBUG:bot: ========================RESTART===========================
2022-06-18 20:39:33,472:DEBUG:bot: waiting for 15626 seconds
2022-06-18 20:41:20,070:DEBUG:bot: None
2022-06-18 20:41:28,302:DEBUG:bot: None
2022-06-18 20:41:35,481:DEBUG:bot: None
2022-06-18 20:41:43,733:DEBUG:bot: None
2022-06-18 20:41:51,292:DEBUG:bot: None
2022-06-18 20:41:58,596:DEBUG:bot: None
2022-06-18 20:42:08,858:DEBUG:bot: None
2022-06-18 20:42:42,404:DEBUG:bot: None
2022-06-18 20:42:49,109:DEBUG:bot: None
2022-06-18 20:42:56,951:DEBUG:bot: None
2022-06-18 20:43:03,860:DEBUG:bot: None
2022-06-18 20:43:10,493:DEBUG:bot: None
2022-06-18 20:43:47,883:DEBUG:bot: (449227091347505172, 986614902816931930)
2022-06-18 20:43:54,987:DEBUG:bot: None
2022-06-18 20:44:02,598:DEBUG:bot: None
2022-06-18 20:44:10,191:DEBUG:bot: None
2022-06-18 20:44:18,367:DEBUG:bot: None
2022-06-18 20:44:24,662:DEBUG:bot: None
2022-06-18 20:44:31,331:DEBUG:bot: None
2022-06-18 20:44:42,756:DEBUG:bot: None
2022-06-18 20:44:49,207:DEBUG:bot: None
2022-06-18 20:44:57,850:DEBUG:bot: None
2022-06-18 20:45:06,000:DEBUG:bot: None
2022-06-18 20:45:13,315:DEBUG:bot: None
2022-06-18 20:45:24,741:DEBUG:bot: None
2022-06-18 20:45:37,028:DEBUG:bot: None
2022-06-18 20:45:43,999:DEBUG:bot: None
2022-06-18 20:45:51,580:DEBUG:bot: None
2022-06-18 20:45:58,108:DEBUG:bot: None
2022-06-18 20:46:04,999:DEBUG:bot: None
2022-06-18 20:46:12,505:DEBUG:bot: (264264643378282496, 987271299866955847)
2022-06-18 20:46:23,118:DEBUG:bot: (264264643378282496, 987271299866955847)
2022-06-18 20:48:08,689:DEBUG:bot: ========================RESTART===========================
2022-06-18 21:33:19,650:DEBUG:bot: ========================RESTART===========================
2022-06-18 21:33:19,658:CRITICAL:bot: Error loading applications: (f-string: single '}' is not allowed (applications.py, line 95))
2022-06-18 21:33:33,232:DEBUG:bot: ========================RESTART===========================
2022-06-18 21:38:44,291:DEBUG:bot: ========================RESTART===========================
2022-06-18 21:40:06,619:DEBUG:bot: ========================RESTART===========================
2022-06-18 21:42:21,473:DEBUG:bot: ========================RESTART===========================
2022-06-18 22:01:25,136:DEBUG:bot: ========================RESTART===========================
2022-06-18 22:02:42,525:DEBUG:bot: ========================RESTART===========================
2022-06-18 22:05:21,984:DEBUG:bot: ========================RESTART===========================
2022-06-18 22:05:59,355:DEBUG:bot: ========================RESTART===========================
2022-06-18 22:10:50,648:DEBUG:bot: ========================RESTART===========================
2022-06-18 22:16:01,952:DEBUG:bot: ========================RESTART===========================
